2017-07-03 14:13:27.884 [INFO ] <init>               |edu.nd.dronology.ui.javafx.start.DronologyFXUIRunner:47 | Using 'class edu.nd.dronology.ui.javafx.BaseServiceProvider' as service provider
2017-07-03 14:13:27.954 [ERROR] guiProxy1Initialize  |edu.nd.dronology.ui.javafx.start.DronologyFXUIRunner:135 | java.rmi.ConnectException: Connection refused to host: localhost; nested exception is: 
	java.net.ConnectException: Connection refused
edu.nd.dronology.services.core.util.DronologyServiceException: java.rmi.ConnectException: Connection refused to host: localhost; nested exception is: 
	java.net.ConnectException: Connection refused
	at edu.nd.dronology.ui.javafx.BaseServiceProvider.getRemoteManager(BaseServiceProvider.java:62) ~[bin/:?]
	at edu.nd.dronology.ui.javafx.start.DronologyFXUIRunner.guiProxy1Initialize(DronologyFXUIRunner.java:130) [bin/:?]
	at edu.nd.dronology.ui.javafx.start.DronologyFXUIRunner.<init>(DronologyFXUIRunner.java:56) [bin/:?]
	at edu.nd.dronology.ui.javafx.start.DronologyFXUIRunner.main(DronologyFXUIRunner.java:33) [bin/:?]
Caused by: java.rmi.ConnectException: Connection refused to host: localhost; nested exception is: 
	java.net.ConnectException: Connection refused
	at sun.rmi.transport.tcp.TCPEndpoint.newSocket(TCPEndpoint.java:619) ~[?:1.8.0_65]
	at sun.rmi.transport.tcp.TCPChannel.createConnection(TCPChannel.java:216) ~[?:1.8.0_65]
	at sun.rmi.transport.tcp.TCPChannel.newConnection(TCPChannel.java:202) ~[?:1.8.0_65]
	at sun.rmi.server.UnicastRef.newCall(UnicastRef.java:342) ~[?:1.8.0_65]
	at sun.rmi.registry.RegistryImpl_Stub.lookup(Unknown Source) ~[?:1.8.0_65]
	at java.rmi.Naming.lookup(Naming.java:101) ~[?:1.8.0_65]
	at edu.nd.dronology.ui.javafx.BaseServiceProvider.getRemoteManager(BaseServiceProvider.java:57) ~[bin/:?]
	... 3 more
Caused by: java.net.ConnectException: Connection refused
	at java.net.PlainSocketImpl.socketConnect(Native Method) ~[?:1.8.0_65]
	at java.net.AbstractPlainSocketImpl.doConnect(AbstractPlainSocketImpl.java:350) ~[?:1.8.0_65]
	at java.net.AbstractPlainSocketImpl.connectToAddress(AbstractPlainSocketImpl.java:206) ~[?:1.8.0_65]
	at java.net.AbstractPlainSocketImpl.connect(AbstractPlainSocketImpl.java:188) ~[?:1.8.0_65]
	at java.net.SocksSocketImpl.connect(SocksSocketImpl.java:392) ~[?:1.8.0_65]
	at java.net.Socket.connect(Socket.java:589) ~[?:1.8.0_65]
	at java.net.Socket.connect(Socket.java:538) ~[?:1.8.0_65]
	at java.net.Socket.<init>(Socket.java:434) ~[?:1.8.0_65]
	at java.net.Socket.<init>(Socket.java:211) ~[?:1.8.0_65]
	at sun.rmi.transport.proxy.RMIDirectSocketFactory.createSocket(RMIDirectSocketFactory.java:40) ~[?:1.8.0_65]
	at sun.rmi.transport.proxy.RMIMasterSocketFactory.createSocket(RMIMasterSocketFactory.java:148) ~[?:1.8.0_65]
	at sun.rmi.transport.tcp.TCPEndpoint.newSocket(TCPEndpoint.java:613) ~[?:1.8.0_65]
	at sun.rmi.transport.tcp.TCPChannel.createConnection(TCPChannel.java:216) ~[?:1.8.0_65]
	at sun.rmi.transport.tcp.TCPChannel.newConnection(TCPChannel.java:202) ~[?:1.8.0_65]
	at sun.rmi.server.UnicastRef.newCall(UnicastRef.java:342) ~[?:1.8.0_65]
	at sun.rmi.registry.RegistryImpl_Stub.lookup(Unknown Source) ~[?:1.8.0_65]
	at java.rmi.Naming.lookup(Naming.java:101) ~[?:1.8.0_65]
	at edu.nd.dronology.ui.javafx.BaseServiceProvider.getRemoteManager(BaseServiceProvider.java:57) ~[bin/:?]
	... 3 more
2017-07-03 14:13:28.024 [ERROR] <init>               |edu.nd.dronology.ui.javafx.start.DronologyFXUIRunner:82 | java.rmi.ConnectException: Connection refused to host: localhost; nested exception is: 
	java.net.ConnectException: Connection refused
edu.nd.dronology.services.core.util.DronologyServiceException: java.rmi.ConnectException: Connection refused to host: localhost; nested exception is: 
	java.net.ConnectException: Connection refused
	at edu.nd.dronology.ui.javafx.BaseServiceProvider.getRemoteManager(BaseServiceProvider.java:62) ~[bin/:?]
	at edu.nd.dronology.ui.javafx.start.DronologyFXUIRunner.<init>(DronologyFXUIRunner.java:72) [bin/:?]
	at edu.nd.dronology.ui.javafx.start.DronologyFXUIRunner.main(DronologyFXUIRunner.java:33) [bin/:?]
Caused by: java.rmi.ConnectException: Connection refused to host: localhost; nested exception is: 
	java.net.ConnectException: Connection refused
	at sun.rmi.transport.tcp.TCPEndpoint.newSocket(TCPEndpoint.java:619) ~[?:1.8.0_65]
	at sun.rmi.transport.tcp.TCPChannel.createConnection(TCPChannel.java:216) ~[?:1.8.0_65]
	at sun.rmi.transport.tcp.TCPChannel.newConnection(TCPChannel.java:202) ~[?:1.8.0_65]
	at sun.rmi.server.UnicastRef.newCall(UnicastRef.java:342) ~[?:1.8.0_65]
	at sun.rmi.registry.RegistryImpl_Stub.lookup(Unknown Source) ~[?:1.8.0_65]
	at java.rmi.Naming.lookup(Naming.java:101) ~[?:1.8.0_65]
	at edu.nd.dronology.ui.javafx.BaseServiceProvider.getRemoteManager(BaseServiceProvider.java:57) ~[bin/:?]
	... 2 more
Caused by: java.net.ConnectException: Connection refused
	at java.net.PlainSocketImpl.socketConnect(Native Method) ~[?:1.8.0_65]
	at java.net.AbstractPlainSocketImpl.doConnect(AbstractPlainSocketImpl.java:350) ~[?:1.8.0_65]
	at java.net.AbstractPlainSocketImpl.connectToAddress(AbstractPlainSocketImpl.java:206) ~[?:1.8.0_65]
	at java.net.AbstractPlainSocketImpl.connect(AbstractPlainSocketImpl.java:188) ~[?:1.8.0_65]
	at java.net.SocksSocketImpl.connect(SocksSocketImpl.java:392) ~[?:1.8.0_65]
	at java.net.Socket.connect(Socket.java:589) ~[?:1.8.0_65]
	at java.net.Socket.connect(Socket.java:538) ~[?:1.8.0_65]
	at java.net.Socket.<init>(Socket.java:434) ~[?:1.8.0_65]
	at java.net.Socket.<init>(Socket.java:211) ~[?:1.8.0_65]
	at sun.rmi.transport.proxy.RMIDirectSocketFactory.createSocket(RMIDirectSocketFactory.java:40) ~[?:1.8.0_65]
	at sun.rmi.transport.proxy.RMIMasterSocketFactory.createSocket(RMIMasterSocketFactory.java:148) ~[?:1.8.0_65]
	at sun.rmi.transport.tcp.TCPEndpoint.newSocket(TCPEndpoint.java:613) ~[?:1.8.0_65]
	at sun.rmi.transport.tcp.TCPChannel.createConnection(TCPChannel.java:216) ~[?:1.8.0_65]
	at sun.rmi.transport.tcp.TCPChannel.newConnection(TCPChannel.java:202) ~[?:1.8.0_65]
	at sun.rmi.server.UnicastRef.newCall(UnicastRef.java:342) ~[?:1.8.0_65]
	at sun.rmi.registry.RegistryImpl_Stub.lookup(Unknown Source) ~[?:1.8.0_65]
	at java.rmi.Naming.lookup(Naming.java:101) ~[?:1.8.0_65]
	at edu.nd.dronology.ui.javafx.BaseServiceProvider.getRemoteManager(BaseServiceProvider.java:57) ~[bin/:?]
	... 2 more
2017-07-03 14:13:28.027 [INFO ] <init>               |edu.nd.dronology.ui.javafx.start.DronologyFXUIRunner:85 | Running Dronology Test 2.1.
2017-07-03 14:13:59.192 [INFO ] <init>               |edu.nd.dronology.ui.javafx.start.DronologyFXUIRunner:47 | Using 'class edu.nd.dronology.ui.javafx.BaseServiceProvider' as service provider
2017-07-03 14:13:59.235 [ERROR] guiProxy1Initialize  |edu.nd.dronology.ui.javafx.start.DronologyFXUIRunner:135 | java.rmi.ConnectException: Connection refused to host: localhost; nested exception is: 
	java.net.ConnectException: Connection refused
edu.nd.dronology.services.core.util.DronologyServiceException: java.rmi.ConnectException: Connection refused to host: localhost; nested exception is: 
	java.net.ConnectException: Connection refused
	at edu.nd.dronology.ui.javafx.BaseServiceProvider.getRemoteManager(BaseServiceProvider.java:62) ~[bin/:?]
	at edu.nd.dronology.ui.javafx.start.DronologyFXUIRunner.guiProxy1Initialize(DronologyFXUIRunner.java:130) [bin/:?]
	at edu.nd.dronology.ui.javafx.start.DronologyFXUIRunner.<init>(DronologyFXUIRunner.java:56) [bin/:?]
	at edu.nd.dronology.ui.javafx.start.DronologyFXUIRunner.main(DronologyFXUIRunner.java:33) [bin/:?]
Caused by: java.rmi.ConnectException: Connection refused to host: localhost; nested exception is: 
	java.net.ConnectException: Connection refused
	at sun.rmi.transport.tcp.TCPEndpoint.newSocket(TCPEndpoint.java:619) ~[?:1.8.0_65]
	at sun.rmi.transport.tcp.TCPChannel.createConnection(TCPChannel.java:216) ~[?:1.8.0_65]
	at sun.rmi.transport.tcp.TCPChannel.newConnection(TCPChannel.java:202) ~[?:1.8.0_65]
	at sun.rmi.server.UnicastRef.newCall(UnicastRef.java:342) ~[?:1.8.0_65]
	at sun.rmi.registry.RegistryImpl_Stub.lookup(Unknown Source) ~[?:1.8.0_65]
	at java.rmi.Naming.lookup(Naming.java:101) ~[?:1.8.0_65]
	at edu.nd.dronology.ui.javafx.BaseServiceProvider.getRemoteManager(BaseServiceProvider.java:57) ~[bin/:?]
	... 3 more
Caused by: java.net.ConnectException: Connection refused
	at java.net.PlainSocketImpl.socketConnect(Native Method) ~[?:1.8.0_65]
	at java.net.AbstractPlainSocketImpl.doConnect(AbstractPlainSocketImpl.java:350) ~[?:1.8.0_65]
	at java.net.AbstractPlainSocketImpl.connectToAddress(AbstractPlainSocketImpl.java:206) ~[?:1.8.0_65]
	at java.net.AbstractPlainSocketImpl.connect(AbstractPlainSocketImpl.java:188) ~[?:1.8.0_65]
	at java.net.SocksSocketImpl.connect(SocksSocketImpl.java:392) ~[?:1.8.0_65]
	at java.net.Socket.connect(Socket.java:589) ~[?:1.8.0_65]
	at java.net.Socket.connect(Socket.java:538) ~[?:1.8.0_65]
	at java.net.Socket.<init>(Socket.java:434) ~[?:1.8.0_65]
	at java.net.Socket.<init>(Socket.java:211) ~[?:1.8.0_65]
	at sun.rmi.transport.proxy.RMIDirectSocketFactory.createSocket(RMIDirectSocketFactory.java:40) ~[?:1.8.0_65]
	at sun.rmi.transport.proxy.RMIMasterSocketFactory.createSocket(RMIMasterSocketFactory.java:148) ~[?:1.8.0_65]
	at sun.rmi.transport.tcp.TCPEndpoint.newSocket(TCPEndpoint.java:613) ~[?:1.8.0_65]
	at sun.rmi.transport.tcp.TCPChannel.createConnection(TCPChannel.java:216) ~[?:1.8.0_65]
	at sun.rmi.transport.tcp.TCPChannel.newConnection(TCPChannel.java:202) ~[?:1.8.0_65]
	at sun.rmi.server.UnicastRef.newCall(UnicastRef.java:342) ~[?:1.8.0_65]
	at sun.rmi.registry.RegistryImpl_Stub.lookup(Unknown Source) ~[?:1.8.0_65]
	at java.rmi.Naming.lookup(Naming.java:101) ~[?:1.8.0_65]
	at edu.nd.dronology.ui.javafx.BaseServiceProvider.getRemoteManager(BaseServiceProvider.java:57) ~[bin/:?]
	... 3 more
2017-07-03 14:13:59.248 [ERROR] <init>               |edu.nd.dronology.ui.javafx.start.DronologyFXUIRunner:82 | java.rmi.ConnectException: Connection refused to host: localhost; nested exception is: 
	java.net.ConnectException: Connection refused
edu.nd.dronology.services.core.util.DronologyServiceException: java.rmi.ConnectException: Connection refused to host: localhost; nested exception is: 
	java.net.ConnectException: Connection refused
	at edu.nd.dronology.ui.javafx.BaseServiceProvider.getRemoteManager(BaseServiceProvider.java:62) ~[bin/:?]
	at edu.nd.dronology.ui.javafx.start.DronologyFXUIRunner.<init>(DronologyFXUIRunner.java:72) [bin/:?]
	at edu.nd.dronology.ui.javafx.start.DronologyFXUIRunner.main(DronologyFXUIRunner.java:33) [bin/:?]
Caused by: java.rmi.ConnectException: Connection refused to host: localhost; nested exception is: 
	java.net.ConnectException: Connection refused
	at sun.rmi.transport.tcp.TCPEndpoint.newSocket(TCPEndpoint.java:619) ~[?:1.8.0_65]
	at sun.rmi.transport.tcp.TCPChannel.createConnection(TCPChannel.java:216) ~[?:1.8.0_65]
	at sun.rmi.transport.tcp.TCPChannel.newConnection(TCPChannel.java:202) ~[?:1.8.0_65]
	at sun.rmi.server.UnicastRef.newCall(UnicastRef.java:342) ~[?:1.8.0_65]
	at sun.rmi.registry.RegistryImpl_Stub.lookup(Unknown Source) ~[?:1.8.0_65]
	at java.rmi.Naming.lookup(Naming.java:101) ~[?:1.8.0_65]
	at edu.nd.dronology.ui.javafx.BaseServiceProvider.getRemoteManager(BaseServiceProvider.java:57) ~[bin/:?]
	... 2 more
Caused by: java.net.ConnectException: Connection refused
	at java.net.PlainSocketImpl.socketConnect(Native Method) ~[?:1.8.0_65]
	at java.net.AbstractPlainSocketImpl.doConnect(AbstractPlainSocketImpl.java:350) ~[?:1.8.0_65]
	at java.net.AbstractPlainSocketImpl.connectToAddress(AbstractPlainSocketImpl.java:206) ~[?:1.8.0_65]
	at java.net.AbstractPlainSocketImpl.connect(AbstractPlainSocketImpl.java:188) ~[?:1.8.0_65]
	at java.net.SocksSocketImpl.connect(SocksSocketImpl.java:392) ~[?:1.8.0_65]
	at java.net.Socket.connect(Socket.java:589) ~[?:1.8.0_65]
	at java.net.Socket.connect(Socket.java:538) ~[?:1.8.0_65]
	at java.net.Socket.<init>(Socket.java:434) ~[?:1.8.0_65]
	at java.net.Socket.<init>(Socket.java:211) ~[?:1.8.0_65]
	at sun.rmi.transport.proxy.RMIDirectSocketFactory.createSocket(RMIDirectSocketFactory.java:40) ~[?:1.8.0_65]
	at sun.rmi.transport.proxy.RMIMasterSocketFactory.createSocket(RMIMasterSocketFactory.java:148) ~[?:1.8.0_65]
	at sun.rmi.transport.tcp.TCPEndpoint.newSocket(TCPEndpoint.java:613) ~[?:1.8.0_65]
	at sun.rmi.transport.tcp.TCPChannel.createConnection(TCPChannel.java:216) ~[?:1.8.0_65]
	at sun.rmi.transport.tcp.TCPChannel.newConnection(TCPChannel.java:202) ~[?:1.8.0_65]
	at sun.rmi.server.UnicastRef.newCall(UnicastRef.java:342) ~[?:1.8.0_65]
	at sun.rmi.registry.RegistryImpl_Stub.lookup(Unknown Source) ~[?:1.8.0_65]
	at java.rmi.Naming.lookup(Naming.java:101) ~[?:1.8.0_65]
	at edu.nd.dronology.ui.javafx.BaseServiceProvider.getRemoteManager(BaseServiceProvider.java:57) ~[bin/:?]
	... 2 more
2017-07-03 14:13:59.250 [INFO ] <init>               |edu.nd.dronology.ui.javafx.start.DronologyFXUIRunner:85 | Running Dronology Test 2.1.
2017-07-03 14:14:26.969 [INFO ] <init>               |edu.nd.dronology.ui.javafx.start.DronologyFXUIRunner:47 | Using 'class edu.nd.dronology.ui.javafx.BaseServiceProvider' as service provider
2017-07-03 14:14:27.424 [ERROR] guiProxy1Initialize  |edu.nd.dronology.ui.javafx.start.DronologyFXUIRunner:135 | For input string: "41.760000"
java.lang.NumberFormatException: For input string: "41.760000"
	at java.lang.NumberFormatException.forInputString(NumberFormatException.java:65) ~[?:1.8.0_65]
	at java.lang.Long.parseLong(Long.java:589) ~[?:1.8.0_65]
	at java.lang.Long.parseLong(Long.java:631) ~[?:1.8.0_65]
	at edu.nd.dronology.services.dronesetup.DroneSetupServiceInstance.initializeDrones(DroneSetupServiceInstance.java:72) ~[bin/:?]
	at edu.nd.dronology.services.dronesetup.DroneSetupService.initializeDrones(DroneSetupService.java:37) ~[bin/:?]
	at edu.nd.dronology.services.facades.DroneSetupServiceRemoteFacade.initializeDrones(DroneSetupServiceRemoteFacade.java:48) ~[bin/:?]
	at sun.reflect.NativeMethodAccessorImpl.invoke0(Native Method) ~[?:1.8.0_65]
	at sun.reflect.NativeMethodAccessorImpl.invoke(NativeMethodAccessorImpl.java:62) ~[?:1.8.0_65]
	at sun.reflect.DelegatingMethodAccessorImpl.invoke(DelegatingMethodAccessorImpl.java:43) ~[?:1.8.0_65]
	at java.lang.reflect.Method.invoke(Method.java:497) ~[?:1.8.0_65]
	at sun.rmi.server.UnicastServerRef.dispatch(UnicastServerRef.java:323) ~[?:1.8.0_65]
	at sun.rmi.transport.Transport$1.run(Transport.java:200) ~[?:1.8.0_65]
	at sun.rmi.transport.Transport$1.run(Transport.java:197) ~[?:1.8.0_65]
	at java.security.AccessController.doPrivileged(Native Method) ~[?:1.8.0_65]
	at sun.rmi.transport.Transport.serviceCall(Transport.java:196) ~[?:1.8.0_65]
	at sun.rmi.transport.tcp.TCPTransport.handleMessages(TCPTransport.java:568) ~[?:1.8.0_65]
	at sun.rmi.transport.tcp.TCPTransport$ConnectionHandler.run0(TCPTransport.java:826) ~[?:1.8.0_65]
	at sun.rmi.transport.tcp.TCPTransport$ConnectionHandler.lambda$run$256(TCPTransport.java:683) ~[?:1.8.0_65]
	at java.security.AccessController.doPrivileged(Native Method) ~[?:1.8.0_65]
	at sun.rmi.transport.tcp.TCPTransport$ConnectionHandler.run(TCPTransport.java:682) ~[?:1.8.0_65]
	at java.util.concurrent.ThreadPoolExecutor.runWorker(ThreadPoolExecutor.java:1142) ~[?:1.8.0_65]
	at java.util.concurrent.ThreadPoolExecutor$Worker.run(ThreadPoolExecutor.java:617) ~[?:1.8.0_65]
	at java.lang.Thread.run(Thread.java:745) ~[?:1.8.0_65]
	at sun.rmi.transport.StreamRemoteCall.exceptionReceivedFromServer(StreamRemoteCall.java:276) ~[?:1.8.0_65]
	at sun.rmi.transport.StreamRemoteCall.executeCall(StreamRemoteCall.java:253) ~[?:1.8.0_65]
	at sun.rmi.server.UnicastRef.invoke(UnicastRef.java:162) ~[?:1.8.0_65]
	at java.rmi.server.RemoteObjectInvocationHandler.invokeRemoteMethod(RemoteObjectInvocationHandler.java:227) ~[?:1.8.0_65]
	at java.rmi.server.RemoteObjectInvocationHandler.invoke(RemoteObjectInvocationHandler.java:179) ~[?:1.8.0_65]
	at com.sun.proxy.$Proxy20.initializeDrones(Unknown Source) ~[?:?]
	at edu.nd.dronology.ui.javafx.start.DronologyFXUIRunner.guiProxy1Initialize(DronologyFXUIRunner.java:132) [bin/:?]
	at edu.nd.dronology.ui.javafx.start.DronologyFXUIRunner.<init>(DronologyFXUIRunner.java:56) [bin/:?]
	at edu.nd.dronology.ui.javafx.start.DronologyFXUIRunner.main(DronologyFXUIRunner.java:33) [bin/:?]
2017-07-03 14:14:27.560 [INFO ] <init>               |edu.nd.dronology.ui.javafx.start.DronologyFXUIRunner:85 | Running Dronology Test 2.1.
2017-07-03 14:15:07.549 [INFO ] <init>               |edu.nd.dronology.ui.javafx.start.DronologyFXUIRunner:47 | Using 'class edu.nd.dronology.ui.javafx.BaseServiceProvider' as service provider
2017-07-03 14:15:07.928 [ERROR] guiProxy1Initialize  |edu.nd.dronology.ui.javafx.start.DronologyFXUIRunner:135 | For input string: "41.760000"
java.lang.NumberFormatException: For input string: "41.760000"
	at java.lang.NumberFormatException.forInputString(NumberFormatException.java:65) ~[?:1.8.0_65]
	at java.lang.Long.parseLong(Long.java:589) ~[?:1.8.0_65]
	at java.lang.Long.parseLong(Long.java:631) ~[?:1.8.0_65]
	at edu.nd.dronology.services.dronesetup.DroneSetupServiceInstance.initializeDrones(DroneSetupServiceInstance.java:72) ~[bin/:?]
	at edu.nd.dronology.services.dronesetup.DroneSetupService.initializeDrones(DroneSetupService.java:37) ~[bin/:?]
	at edu.nd.dronology.services.facades.DroneSetupServiceRemoteFacade.initializeDrones(DroneSetupServiceRemoteFacade.java:48) ~[bin/:?]
	at sun.reflect.NativeMethodAccessorImpl.invoke0(Native Method) ~[?:1.8.0_65]
	at sun.reflect.NativeMethodAccessorImpl.invoke(NativeMethodAccessorImpl.java:62) ~[?:1.8.0_65]
	at sun.reflect.DelegatingMethodAccessorImpl.invoke(DelegatingMethodAccessorImpl.java:43) ~[?:1.8.0_65]
	at java.lang.reflect.Method.invoke(Method.java:497) ~[?:1.8.0_65]
	at sun.rmi.server.UnicastServerRef.dispatch(UnicastServerRef.java:323) ~[?:1.8.0_65]
	at sun.rmi.transport.Transport$1.run(Transport.java:200) ~[?:1.8.0_65]
	at sun.rmi.transport.Transport$1.run(Transport.java:197) ~[?:1.8.0_65]
	at java.security.AccessController.doPrivileged(Native Method) ~[?:1.8.0_65]
	at sun.rmi.transport.Transport.serviceCall(Transport.java:196) ~[?:1.8.0_65]
	at sun.rmi.transport.tcp.TCPTransport.handleMessages(TCPTransport.java:568) ~[?:1.8.0_65]
	at sun.rmi.transport.tcp.TCPTransport$ConnectionHandler.run0(TCPTransport.java:826) ~[?:1.8.0_65]
	at sun.rmi.transport.tcp.TCPTransport$ConnectionHandler.lambda$run$256(TCPTransport.java:683) ~[?:1.8.0_65]
	at java.security.AccessController.doPrivileged(Native Method) ~[?:1.8.0_65]
	at sun.rmi.transport.tcp.TCPTransport$ConnectionHandler.run(TCPTransport.java:682) ~[?:1.8.0_65]
	at java.util.concurrent.ThreadPoolExecutor.runWorker(ThreadPoolExecutor.java:1142) ~[?:1.8.0_65]
	at java.util.concurrent.ThreadPoolExecutor$Worker.run(ThreadPoolExecutor.java:617) ~[?:1.8.0_65]
	at java.lang.Thread.run(Thread.java:745) ~[?:1.8.0_65]
	at sun.rmi.transport.StreamRemoteCall.exceptionReceivedFromServer(StreamRemoteCall.java:276) ~[?:1.8.0_65]
	at sun.rmi.transport.StreamRemoteCall.executeCall(StreamRemoteCall.java:253) ~[?:1.8.0_65]
	at sun.rmi.server.UnicastRef.invoke(UnicastRef.java:162) ~[?:1.8.0_65]
	at java.rmi.server.RemoteObjectInvocationHandler.invokeRemoteMethod(RemoteObjectInvocationHandler.java:227) ~[?:1.8.0_65]
	at java.rmi.server.RemoteObjectInvocationHandler.invoke(RemoteObjectInvocationHandler.java:179) ~[?:1.8.0_65]
	at com.sun.proxy.$Proxy20.initializeDrones(Unknown Source) ~[?:?]
	at edu.nd.dronology.ui.javafx.start.DronologyFXUIRunner.guiProxy1Initialize(DronologyFXUIRunner.java:132) [bin/:?]
	at edu.nd.dronology.ui.javafx.start.DronologyFXUIRunner.<init>(DronologyFXUIRunner.java:56) [bin/:?]
	at edu.nd.dronology.ui.javafx.start.DronologyFXUIRunner.main(DronologyFXUIRunner.java:33) [bin/:?]
2017-07-03 14:15:08.040 [INFO ] <init>               |edu.nd.dronology.ui.javafx.start.DronologyFXUIRunner:85 | Running Dronology Test 2.1.
